<?xml version="1.0" encoding="UTF-8"?>
<!-- Generated by org.testng.reporters.JUnitReportReporter -->
<testsuite hostname="leopard" name="com.crm.test.LoginPageTest" tests="2" failures="0" timestamp="25 Jul 2018 22:53:35 GMT" time="28.747" errors="0">
  <testcase name="loginTest" time="18.900" classname="com.crm.test.LoginPageTest"/>
  <testcase name="loginPageTitleTest" time="9.847" classname="com.crm.test.LoginPageTest"/>
</testsuite> <!-- com.crm.test.LoginPageTest -->
